<?xml version="1.0" encoding="UTF-8"?>
<testng-results skipped="0" failed="0" ignored="0" total="1" passed="1">
  <reporter-output>
  </reporter-output>
  <suite name="Default suite" duration-ms="8631" started-at="2019-03-14T10:38:23Z" finished-at="2019-03-14T10:38:32Z">
    <groups>
    </groups>
    <test name="Default test" duration-ms="8631" started-at="2019-03-14T10:38:23Z" finished-at="2019-03-14T10:38:32Z">
      <class name="com.beerboard.cp.LoginpageTest">
        <test-method status="PASS" signature="getApplicationUrl()[pri:0, instance:com.beerboard.cp.LoginpageTest@1ce92674]" name="getApplicationUrl" is-config="true" duration-ms="7616" started-at="2019-03-14T16:08:23Z" finished-at="2019-03-14T16:08:31Z">
          <reporter-output>
          </reporter-output>
        </test-method> <!-- getApplicationUrl -->
        <test-method status="PASS" signature="VaildLogin()[pri:0, instance:com.beerboard.cp.LoginpageTest@1ce92674]" name="VaildLogin" duration-ms="390" started-at="2019-03-14T16:08:31Z" finished-at="2019-03-14T16:08:32Z">
          <reporter-output>
          </reporter-output>
        </test-method> <!-- VaildLogin -->
        <test-method status="PASS" signature="teardown()[pri:0, instance:com.beerboard.cp.LoginpageTest@1ce92674]" name="teardown" is-config="true" duration-ms="599" started-at="2019-03-14T16:08:32Z" finished-at="2019-03-14T16:08:32Z">
          <reporter-output>
          </reporter-output>
        </test-method> <!-- teardown -->
      </class> <!-- com.beerboard.cp.LoginpageTest -->
    </test> <!-- Default test -->
  </suite> <!-- Default suite -->
</testng-results>
